#
# There is insufficient memory for the Java Runtime Environment to continue.
# Native memory allocation (malloc) failed to allocate 1048576 bytes for AllocateHeap
# Possible reasons:
#   The system is out of physical RAM or swap space
#   In 32 bit mode, the process size limit was hit
# Possible solutions:
#   Reduce memory load on the system
#   Increase physical memory or swap space
#   Check if swap backing store is full
#   Use 64 bit Java on a 64 bit OS
#   Decrease Java heap size (-Xmx/-Xms)
#   Decrease number of Java threads
#   Decrease Java thread stack sizes (-Xss)
#   Set larger code cache with -XX:ReservedCodeCacheSize=
# This output file may be truncated or incomplete.
#
#  Out of Memory Error (memory/allocation.inline.hpp:61), pid=14552, tid=0x00000000000018ec
#
# JRE version:  (8.0_144-b01) (build )
# Java VM: Java HotSpot(TM) 64-Bit Server VM (25.144-b01 mixed mode windows-amd64 compressed oops)
# Failed to write core dump. Minidumps are not enabled by default on client versions of Windows
#

---------------  T H R E A D  ---------------

Current thread (0x0000000002a11000):  JavaThread "Unknown thread" [_thread_in_vm, id=6380, stack(0x0000000002890000,0x0000000002990000)]

Stack: [0x0000000002890000,0x0000000002990000]
[error occurred during error reporting (printing stack bounds), id 0xc0000005]

Native frames: (J=compiled Java code, j=interpreted, Vv=VM code, C=native code)


---------------  P R O C E S S  ---------------

Java Threads: ( => current thread )

Other Threads:

=>0x0000000002a11000 (exited) JavaThread "Unknown thread" [_thread_in_vm, id=6380, stack(0x0000000002890000,0x0000000002990000)]

VM state:not at safepoint (normal execution)

VM Mutex/Monitor currently owned by a thread: None

Heap:
 PSYoungGen      total 57344K, used 983K [0x0000000780780000, 0x0000000784780000, 0x00000007c0000000)
  eden space 49152K, 2% used [0x0000000780780000,0x0000000780875c38,0x0000000783780000)
  from space 8192K, 0% used [0x0000000783f80000,0x0000000783f80000,0x0000000784780000)
  to   space 8192K, 0% used [0x0000000783780000,0x0000000783780000,0x0000000783f80000)
 ParOldGen       total 131072K, used 0K [0x0000000701600000, 0x0000000709600000, 0x0000000780780000)
  object space 131072K, 0% used [0x0000000701600000,0x0000000701600000,0x0000000709600000)
 Metaspace       used 770K, capacity 4480K, committed 4480K, reserved 1056768K
  class space    used 75K, capacity 384K, committed 384K, reserved 1048576K

Card table byte_map: [0x0000000011ed0000,0x00000000124d0000] byte_map_base: 0x000000000e6c5000

Marking Bits: (ParMarkBitMap*) 0x000000006758d850
 Begin Bits: [0x0000000012cd0000, 0x0000000015c78000)
 End Bits:   [0x0000000015c78000, 0x0000000018c20000)

Polling page: 0x0000000000b70000

CodeCache: size=245760Kb used=328Kb max_used=328Kb free=245431Kb
 bounds [0x0000000002b10000, 0x0000000002d80000, 0x0000000011b10000]
 total_blobs=58 nmethods=0 adapters=38
 compilation: enabled

Compilation events (0 events):
No events

GC Heap History (0 events):
No events

Deoptimization events (0 events):
No events

Internal exceptions (0 events):
No events

Events (10 events):
Event: 0.059 loading class java/lang/Short
Event: 0.059 loading class java/lang/Short done
Event: 0.059 loading class java/lang/Integer
Event: 0.059 loading class java/lang/Integer done
Event: 0.059 loading class java/lang/Long
Event: 0.059 loading class java/lang/Long done
Event: 0.061 loading class java/lang/NullPointerException
Event: 0.061 loading class java/lang/NullPointerException done
Event: 0.061 loading class java/lang/ArithmeticException
Event: 0.061 loading class java/lang/ArithmeticException done


Dynamic libraries:
0x00007ff70b000000 - 0x00007ff70b037000 	C:\Program Files\Java\jdk1.8.0_144\jre\bin\java.exe
0x00007ffc40dd0000 - 0x00007ffc40fc7000 	C:\Windows\SYSTEM32\ntdll.dll
0x00007ffc3eff0000 - 0x00007ffc3f0ad000 	C:\Windows\System32\KERNEL32.DLL
0x00007ffc3e990000 - 0x00007ffc3ec86000 	C:\Windows\System32\KERNELBASE.dll
0x00007ffc3f240000 - 0x00007ffc3f2ee000 	C:\Windows\System32\ADVAPI32.dll
0x00007ffc3ff20000 - 0x00007ffc3ffbe000 	C:\Windows\System32\msvcrt.dll
0x00007ffc3ffc0000 - 0x00007ffc4005c000 	C:\Windows\System32\sechost.dll
0x00007ffc3f0b0000 - 0x00007ffc3f1d6000 	C:\Windows\System32\RPCRT4.dll
0x00007ffc3fd80000 - 0x00007ffc3ff1e000 	C:\Windows\System32\USER32.dll
0x00007ffc3e960000 - 0x00007ffc3e982000 	C:\Windows\System32\win32u.dll
0x00007ffc40d60000 - 0x00007ffc40d8c000 	C:\Windows\System32\GDI32.dll
0x00007ffc3ec90000 - 0x00007ffc3edaa000 	C:\Windows\System32\gdi32full.dll
0x00007ffc3e6d0000 - 0x00007ffc3e76d000 	C:\Windows\System32\msvcp_win.dll
0x00007ffc3e5d0000 - 0x00007ffc3e6d0000 	C:\Windows\System32\ucrtbase.dll
0x00007ffc31100000 - 0x00007ffc3139a000 	C:\Windows\WinSxS\amd64_microsoft.windows.common-controls_6595b64144ccf1df_6.0.19041.3570_none_60bb2a3971f3e41a\COMCTL32.dll
0x00007ffc3ee30000 - 0x00007ffc3ee60000 	C:\Windows\System32\IMM32.DLL
0x0000000067610000 - 0x00000000676e2000 	C:\Program Files\Java\jdk1.8.0_144\jre\bin\msvcr100.dll
0x0000000066d70000 - 0x000000006760d000 	C:\Program Files\Java\jdk1.8.0_144\jre\bin\server\jvm.dll
0x00007ffc3ee60000 - 0x00007ffc3ee68000 	C:\Windows\System32\PSAPI.DLL
0x00007ffc39250000 - 0x00007ffc39259000 	C:\Windows\SYSTEM32\WSOCK32.dll
0x00007ffc40060000 - 0x00007ffc400cb000 	C:\Windows\System32\WS2_32.dll
0x00007ffc30ae0000 - 0x00007ffc30b07000 	C:\Windows\SYSTEM32\WINMM.dll
0x00007ffc379f0000 - 0x00007ffc379fa000 	C:\Windows\SYSTEM32\VERSION.dll
0x0000000066d60000 - 0x0000000066d6f000 	C:\Program Files\Java\jdk1.8.0_144\jre\bin\verify.dll
0x0000000066d30000 - 0x0000000066d59000 	C:\Program Files\Java\jdk1.8.0_144\jre\bin\java.dll
0x0000000066d10000 - 0x0000000066d26000 	C:\Program Files\Java\jdk1.8.0_144\jre\bin\zip.dll

VM Arguments:
java_command: C:\Users\work\AppData\Local\Temp\surefire4021403515240741619\surefirebooter4895726000036080050.jar C:\Users\work\AppData\Local\Temp\surefire4021403515240741619 2023-10-21T16-01-46_537-jvmRun1 surefire8193043502041170214tmp surefire_01373922281110851266tmp
java_class_path (initial): C:\Users\work\AppData\Local\Temp\surefire4021403515240741619\surefirebooter4895726000036080050.jar
Launcher Type: SUN_STANDARD

Environment Variables:
JAVA_HOME=C:\Program Files\Java\jdk1.8.0_144
PATH=C:\Program Files\Java\jdk1.8.0_144\bin;C:\ProgramData\Oracle\Java\javapath;C:\Windows\system32;C:\Windows;C:\Windows\System32\Wbem;C:\Windows\System32\WindowsPowerShell\v1.0\;C:\Windows\System32\OpenSSH\;C:\Program Files\Microsoft SQL Server\150\Tools\Binn\;C:\Program Files\Microsoft SQL Server\Client SDK\ODBC\170\Tools\Binn\;C:\Program Files\MongoDB\Server\6.0\bin;C:\Program Files\Git\cmd;C:\Program Files (x86)\Microsoft SQL Server\110\DTS\Binn\;C:\Program Files (x86)\Microsoft SQL Server\110\Tools\Binn\;C:\Program Files (x86)\Microsoft SQL Server\110\Tools\Binn\ManagementStudio\;C:\Program Files (x86)\Microsoft Visual Studio 10.0\Common7\IDE\PrivateAssemblies\;C:\Program Files\dotnet\;C:\Program Files\nodejs\;C:\HashiCorp\Vagrant\bin;C:\Program Files\Docker\Docker\resources\bin;C:\Users\work\AppData\Local\Microsoft\WindowsApps;C:\Users\work\AppData\Local\Programs\Microsoft VS Code\bin;C:\Program Files\MongoDB\Server\6.0\bin;C:\Program Files\MongoDB\Server\4.0\bin;C:\Users\work\.dotnet\tools;C:\Users\work\AppData\Roaming\npm
USERNAME=work
OS=Windows_NT
PROCESSOR_IDENTIFIER=Intel64 Family 6 Model 61 Stepping 4, GenuineIntel



---------------  S Y S T E M  ---------------

OS: Windows 10.0 , 64 bit Build 19041 (10.0.19041.3570)

CPU:total 4 (initial active 4) (2 cores per cpu, 2 threads per core) family 6 model 61 stepping 4, cmov, cx8, fxsr, mmx, sse, sse2, sse3, ssse3, sse4.1, sse4.2, popcnt, avx, avx2, aes, clmul, erms, 3dnowpref, lzcnt, ht, tsc, tscinvbit, bmi1, bmi2, adx

Memory: 4k page, physical 12490748k(276332k free), swap 20879356k(5252k free)

vm_info: Java HotSpot(TM) 64-Bit Server VM (25.144-b01) for windows-amd64 JRE (1.8.0_144-b01), built on Jul 21 2017 21:57:33 by "java_re" with MS VC++ 10.0 (VS2010)

time: Sat Oct 21 16:01:48 2023
elapsed time: 0 seconds (0d 0h 0m 0s)

